<?xml version="1.0" encoding="UTF-8"?>
<testng-results ignored="0" total="2" passed="2" failed="0" skipped="0">
  <reporter-output>
  </reporter-output>
  <suite started-at="2025-04-10T16:01:51 IST" name="HRM Test Suite" finished-at="2025-04-10T16:02:10 IST" duration-ms="19594">
    <groups>
    </groups>
    <test started-at="2025-04-10T16:01:51 IST" name="Pending Leave Request Test Case" finished-at="2025-04-10T16:02:05 IST" duration-ms="14482">
      <class name="testcases.Test_Pending_Leave_Request">
        <test-method signature="verifyMyLeave()[pri:0, instance:testcases.Test_Pending_Leave_Request@2d36e77e]" started-at="2025-04-10T16:01:51 IST" name="verifyMyLeave" finished-at="2025-04-10T16:02:05 IST" duration-ms="14400" status="PASS">
          <reporter-output>
          </reporter-output>
        </test-method> <!-- verifyMyLeave -->
      </class> <!-- testcases.Test_Pending_Leave_Request -->
    </test> <!-- Pending Leave Request Test Case -->
    <test started-at="2025-04-10T16:02:05 IST" name="Check Your Role Test Case" finished-at="2025-04-10T16:02:10 IST" duration-ms="5034">
      <class name="testcases.Test_User_Role">
        <test-method is-config="true" signature="launchBrowser()[pri:0, instance:testcases.Test_User_Role@7d42c224]" started-at="2025-04-10T16:01:36 IST" name="launchBrowser" finished-at="2025-04-10T16:01:51 IST" duration-ms="14850" status="PASS">
          <reporter-output>
          </reporter-output>
        </test-method> <!-- launchBrowser -->
        <test-method signature="verifyAdmin()[pri:0, instance:testcases.Test_User_Role@7d42c224]" started-at="2025-04-10T16:02:05 IST" name="verifyAdmin" finished-at="2025-04-10T16:02:10 IST" duration-ms="5023" status="PASS">
          <reporter-output>
          </reporter-output>
        </test-method> <!-- verifyAdmin -->
        <test-method is-config="true" signature="tearDown()[pri:0, instance:testcases.Test_User_Role@7d42c224]" started-at="2025-04-10T16:02:10 IST" name="tearDown" finished-at="2025-04-10T16:02:10 IST" duration-ms="3" status="PASS">
          <reporter-output>
          </reporter-output>
        </test-method> <!-- tearDown -->
      </class> <!-- testcases.Test_User_Role -->
    </test> <!-- Check Your Role Test Case -->
  </suite> <!-- HRM Test Suite -->
</testng-results>
